<?xml version="1.0" encoding="UTF-8"?>
<robot generator="Robot 4.1.3 (Python 3.9.9 on linux)" generated="20220126 20:26:04.963" rpa="true" schemaversion="2">
<suite id="s1" name="Tasks" source="/media/Datos/Programmingprojects/RobotFramework/curso2/robo_tito/tasks.robot">
<test id="s1-t1" name="Order robots from RobotSpareBin Industries Inc">
<kw name="Get Secret" library="RPA.Robocorp.Vault">
<var>${secret}</var>
<arg>website</arg>
<doc>Read a secret from the configured source, e.g. Robocorp Vault,
and return it as a ``Secret`` object.</doc>
<msg timestamp="20220126 20:26:06.420" level="INFO">Protecting keyword: RPA.Robocorp.Vault.Get Secret</msg>
<msg timestamp="20220126 20:26:06.441" level="INFO">Log level changed from NONE to INFO.</msg>
<status status="FAIL" starttime="20220126 20:26:06.419" endtime="20220126 20:26:06.440"/>
</kw>
<kw name="Open browser" library="keywords">
<arg>${secret}[url]</arg>
<status status="NOT RUN" starttime="20220126 20:26:06.442" endtime="20220126 20:26:06.442"/>
</kw>
<kw name="Order robots and save receipts" library="keywords">
<status status="NOT RUN" starttime="20220126 20:26:06.443" endtime="20220126 20:26:06.443"/>
</kw>
<kw name="Archive Output PDF Files to ZIP" library="keywords">
<status status="NOT RUN" starttime="20220126 20:26:06.444" endtime="20220126 20:26:06.444"/>
</kw>
<kw name="Close Browser" library="RPA.Browser.Selenium" type="TEARDOWN">
<doc>Closes the current browser.</doc>
<status status="PASS" starttime="20220126 20:26:06.446" endtime="20220126 20:26:06.447"/>
</kw>
<status status="FAIL" starttime="20220126 20:26:06.417" endtime="20220126 20:26:06.447">KeyError: 'Missing required environment variable: RC_API_SECRET_HOST'</status>
</test>
<doc>Orders robots from RobotSpareBin Industries Inc.
Saves the order HTML receipt as a PDF file.
Saves the screenshot of the ordechromered robot.
Embeds the screenshot of the robot to the PDF receipt.
Creates ZIP archive of the receipts and the images.</doc>
<status status="FAIL" starttime="20220126 20:26:04.966" endtime="20220126 20:26:06.450"/>
</suite>
<statistics>
<total>
<stat pass="0" fail="1" skip="0">All Tasks</stat>
</total>
<tag>
</tag>
<suite>
<stat pass="0" fail="1" skip="0" id="s1" name="Tasks">Tasks</stat>
</suite>
</statistics>
<errors>
</errors>
</robot>
